生成启动时间为 2018/8/10 18:07:47。
     1>项目“C:\Users\刘嘉辉\Desktop\MyTest\opensslTest\opensslTest\opensslTest.vcxproj”在节点 2 上(Build 个目标)。
     1>InitializeBuildStatus:
         正在对“x64\Debug\opensslTest.tlog\unsuccessfulbuild”执行 Touch 任务。
       ClCompile:
         所有输出均为最新。
       Link:
         C:\Program Files (x86)\Microsoft Visual Studio\2017\Enterprise\VC\Tools\MSVC\14.14.26428\bin\HostX86\x64\link.exe /ERRORREPORT:PROMPT /OUT:"C:\Users\刘嘉辉\Desktop\MyTest\opensslTest\x64\Debug\opensslTest.exe" /INCREMENTAL /NOLOGO kernel32.lib user32.lib gdi32.lib winspool.lib comdlg32.lib advapi32.lib shell32.lib ole32.lib oleaut32.lib uuid.lib odbc32.lib odbccp32.lib /MANIFEST /MANIFESTUAC:"level='asInvoker' uiAccess='false'" /manifest:embed /DEBUG:FASTLINK /PDB:"C:\Users\刘嘉辉\Desktop\MyTest\opensslTest\x64\Debug\opensslTest.pdb" /TLBID:1 /DYNAMICBASE /NXCOMPAT /IMPLIB:"C:\Users\刘嘉辉\Desktop\MyTest\opensslTest\x64\Debug\opensslTest.lib" /MACHINE:X64 x64\Debug\test.obj
     1>test.obj : error LNK2019: 无法解析的外部符号 MD5_Init，该符号在函数 getMD5 中被引用
     1>test.obj : error LNK2019: 无法解析的外部符号 MD5_Update，该符号在函数 getMD5 中被引用
     1>test.obj : error LNK2019: 无法解析的外部符号 MD5_Final，该符号在函数 getMD5 中被引用
     1>test.obj : error LNK2019: 无法解析的外部符号 HMAC，该符号在函数 main 中被引用
     1>test.obj : error LNK2019: 无法解析的外部符号 EVP_md5，该符号在函数 main 中被引用
     1>C:\Users\刘嘉辉\Desktop\MyTest\opensslTest\x64\Debug\opensslTest.exe : fatal error LNK1120: 5 个无法解析的外部命令
     1>已完成生成项目“C:\Users\刘嘉辉\Desktop\MyTest\opensslTest\opensslTest\opensslTest.vcxproj”(Build 个目标)的操作 - 失败。

生成失败。

       “C:\Users\刘嘉辉\Desktop\MyTest\opensslTest\opensslTest\opensslTest.vcxproj”(Build 目标) (1) ->
       (Link 目标) -> 
         test.obj : error LNK2019: 无法解析的外部符号 MD5_Init，该符号在函数 getMD5 中被引用
         test.obj : error LNK2019: 无法解析的外部符号 MD5_Update，该符号在函数 getMD5 中被引用
         test.obj : error LNK2019: 无法解析的外部符号 MD5_Final，该符号在函数 getMD5 中被引用
         test.obj : error LNK2019: 无法解析的外部符号 HMAC，该符号在函数 main 中被引用
         test.obj : error LNK2019: 无法解析的外部符号 EVP_md5，该符号在函数 main 中被引用
         C:\Users\刘嘉辉\Desktop\MyTest\opensslTest\x64\Debug\opensslTest.exe : fatal error LNK1120: 5 个无法解析的外部命令

    0 个警告
    6 个错误

已用时间 00:00:00.28
